mode: set
github.com/subbbbbaru/testwhitesoft/main.go:32.13,37.16 3 0
github.com/subbbbbaru/testwhitesoft/main.go:37.16,39.3 1 0
github.com/subbbbbaru/testwhitesoft/main.go:42.2,42.68 1 0
github.com/subbbbbaru/testwhitesoft/main.go:42.68,44.3 1 0
github.com/subbbbbaru/testwhitesoft/main.go:46.2,47.16 2 0
github.com/subbbbbaru/testwhitesoft/main.go:47.16,49.3 1 0
github.com/subbbbbaru/testwhitesoft/main.go:52.2,53.16 2 0
github.com/subbbbbaru/testwhitesoft/main.go:53.16,55.3 1 0
github.com/subbbbbaru/testwhitesoft/main.go:59.55,63.43 2 1
github.com/subbbbbaru/testwhitesoft/main.go:63.43,64.50 1 1
github.com/subbbbbaru/testwhitesoft/main.go:64.50,68.62 3 1
github.com/subbbbbaru/testwhitesoft/main.go:68.62,70.10 2 1
github.com/subbbbbaru/testwhitesoft/main.go:72.4,72.62 1 1
github.com/subbbbbaru/testwhitesoft/main.go:75.3,75.20 1 1
github.com/subbbbbaru/testwhitesoft/main.go:75.20,77.4 1 1
github.com/subbbbbaru/testwhitesoft/main.go:79.2,79.26 1 1
github.com/subbbbbaru/testwhitesoft/main.go:83.77,85.16 2 1
github.com/subbbbbaru/testwhitesoft/main.go:85.16,87.3 1 0
github.com/subbbbbaru/testwhitesoft/main.go:88.2,88.67 1 1
github.com/subbbbbaru/testwhitesoft/main.go:88.67,90.3 1 0
github.com/subbbbbaru/testwhitesoft/main.go:91.2,91.12 1 1
github.com/subbbbbaru/testwhitesoft/main.go:94.43,97.16 2 1
github.com/subbbbbaru/testwhitesoft/main.go:97.16,99.3 1 0
github.com/subbbbbaru/testwhitesoft/main.go:100.2,100.74 1 1
github.com/subbbbbaru/testwhitesoft/main.go:100.74,102.3 1 0
github.com/subbbbbaru/testwhitesoft/main.go:103.2,103.12 1 1
github.com/subbbbbaru/testwhitesoft/main.go:106.64,109.16 3 1
github.com/subbbbbaru/testwhitesoft/main.go:109.16,111.3 1 0
github.com/subbbbbaru/testwhitesoft/main.go:112.2,114.47 2 1
